TN:
SF:/Users/RuchitD/Projects/Coople/src/polyfills.ts
FNF:0
FNH:0
LF:0
LH:0
BRF:0
BRH:0
end_of_record
TN:
SF:/Users/RuchitD/Projects/Coople/src/test.ts
FNF:0
FNH:0
DA:13,1
DA:18,1
DA:20,1
LF:3
LH:3
BRF:0
BRH:0
end_of_record
TN:
SF:/Users/RuchitD/Projects/Coople/src/app/app.component.ts
FN:3,AppComponent
FNF:1
FNH:1
FNDA:3,AppComponent
DA:8,1
DA:9,3
DA:10,1
LF:3
LH:3
BRF:0
BRH:0
end_of_record
TN:
SF:/Users/RuchitD/Projects/Coople/src/app/modules/users/users.component.ts
FN:13,UsersComponent
FN:14,(anonymous_2)
FN:19,(anonymous_3)
FNF:3
FNH:2
FNDA:1,UsersComponent
FNDA:0,(anonymous_2)
FNDA:1,(anonymous_3)
DA:9,1
DA:13,1
DA:14,1
DA:15,0
DA:19,1
DA:20,1
LF:6
LH:5
BRF:0
BRH:0
end_of_record
TN:
SF:/Users/RuchitD/Projects/Coople/src/app/modules/users/components/user-add-edit/user-add-edit.component.ts
FN:32,UserAddEditComponent
FN:14,(anonymous_2)
FN:37,(anonymous_3)
FN:38,(anonymous_4)
FN:45,(anonymous_5)
FN:47,(anonymous_6)
FN:62,(anonymous_7)
FN:68,(anonymous_8)
FNF:8
FNH:5
FNDA:2,UserAddEditComponent
FNDA:1,(anonymous_2)
FNDA:2,(anonymous_3)
FNDA:0,(anonymous_4)
FNDA:44,(anonymous_5)
FNDA:2,(anonymous_6)
FNDA:0,(anonymous_7)
FNDA:0,(anonymous_8)
DA:11,1
DA:14,1
DA:16,0
DA:17,0
DA:19,0
DA:20,0
DA:28,2
DA:29,2
DA:33,2
DA:34,2
DA:37,2
DA:38,2
DA:39,0
DA:41,2
DA:45,44
DA:47,1
DA:48,2
DA:62,1
DA:63,0
DA:64,0
DA:65,0
DA:68,1
DA:69,0
DA:71,0
DA:72,0
DA:74,0
DA:76,0
DA:78,0
DA:79,0
DA:80,0
DA:84,0
DA:85,0
DA:86,0
DA:89,1
LF:34
LH:15
BRDA:49,0,0,0
BRDA:49,0,1,2
BRDA:51,1,0,0
BRDA:51,1,1,2
BRDA:57,2,0,0
BRDA:57,2,1,2
BRF:6
BRH:3
end_of_record
TN:
SF:/Users/RuchitD/Projects/Coople/src/app/modules/users/components/user-list/user-list.component.ts
FN:14,UserListComponent
FN:16,(anonymous_2)
FN:18,(anonymous_3)
FNF:3
FNH:2
FNDA:2,UserListComponent
FNDA:2,(anonymous_2)
FNDA:0,(anonymous_3)
DA:10,1
DA:12,2
DA:14,2
DA:16,1
DA:18,1
DA:19,0
DA:21,1
LF:7
LH:6
BRF:0
BRH:0
end_of_record
TN:
SF:/Users/RuchitD/Projects/Coople/src/app/modules/users/user-service/user-service.service.ts
FN:14,UserService
FN:18,(anonymous_2)
FN:22,(anonymous_3)
FNF:3
FNH:2
FNDA:5,UserService
FNDA:0,(anonymous_2)
FNDA:3,(anonymous_3)
DA:9,1
DA:11,5
DA:12,5
DA:15,5
DA:18,1
DA:19,0
DA:22,1
DA:23,3
DA:25,1
LF:9
LH:8
BRF:0
BRH:0
end_of_record
TN:
SF:/Users/RuchitD/Projects/Coople/src/app/pipes/format-address.pipe.ts
FN:6,FormatAddressPipe
FN:8,(anonymous_2)
FNF:2
FNH:2
FNDA:3,FormatAddressPipe
FNDA:10,(anonymous_2)
DA:6,1
DA:8,1
DA:9,10
DA:12,1
LF:4
LH:4
BRF:0
BRH:0
end_of_record
TN:
SF:/Users/RuchitD/Projects/Coople/src/environments/environment.ts
FNF:0
FNH:0
LF:0
LH:0
BRF:0
BRH:0
end_of_record
